# JRE version: Java(TM) SE Runtime Environment (8.0_144-b01) (build 1.8.0_144-b01)
# Java VM: Java HotSpot(TM) 64-Bit Server VM (25.144-b01 mixed mode windows-amd64 compressed oops)
Heap:
 PSYoungGen      total 459264K, used 3308K [0x00000000e0000000, 0x0000000100000000, 0x0000000100000000)
  eden space 394240K, 0% used [0x00000000e0000000,0x00000000e00e6ec8,0x00000000f8100000)
  from space 65024K, 3% used [0x00000000f8100000,0x00000000f8354310,0x00000000fc080000)
  to   space 65024K, 0% used [0x00000000fc080000,0x00000000fc080000,0x0000000100000000)
 ParOldGen       total 295424K, used 215587K [0x00000000a0000000, 0x00000000b2080000, 0x00000000e0000000)
  object space 295424K, 72% used [0x00000000a0000000,0x00000000ad288d30,0x00000000b2080000)
 Metaspace       used 114386K, capacity 124168K, committed 125912K, reserved 1159168K
  class space    used 13860K, capacity 15205K, committed 15616K, reserved 1048576K
GC Heap History (10 events):
Event: 22255.170 GC heap before
{Heap before GC invocations=149 (full 10):
 PSYoungGen      total 438784K, used 376832K [0x00000000e0000000, 0x00000000ff100000, 0x0000000100000000)
  eden space 376832K, 100% used [0x00000000e0000000,0x00000000f7000000,0x00000000f7000000)
  from space 61952K, 0% used [0x00000000fb480000,0x00000000fb480000,0x00000000ff100000)
  to   space 66048K, 0% used [0x00000000f7000000,0x00000000f7000000,0x00000000fb080000)
 ParOldGen       total 295424K, used 117153K [0x00000000a0000000, 0x00000000b2080000, 0x00000000e0000000)
  object space 295424K, 39% used [0x00000000a0000000,0x00000000a72686d0,0x00000000b2080000)
 Metaspace       used 114243K, capacity 123848K, committed 125912K, reserved 1159168K
  class space    used 13841K, capacity 15187K, committed 15616K, reserved 1048576K
Event: 22255.174 GC heap after
Heap after GC invocations=149 (full 10):
 PSYoungGen      total 442880K, used 1592K [0x00000000e0000000, 0x0000000100000000, 0x0000000100000000)
  eden space 376832K, 0% used [0x00000000e0000000,0x00000000e0000000,0x00000000f7000000)
  from space 66048K, 2% used [0x00000000f7000000,0x00000000f718e330,0x00000000fb080000)
  to   space 67072K, 0% used [0x00000000fbe80000,0x00000000fbe80000,0x0000000100000000)
 ParOldGen       total 295424K, used 117153K [0x00000000a0000000, 0x00000000b2080000, 0x00000000e0000000)
  object space 295424K, 39% used [0x00000000a0000000,0x00000000a72686d0,0x00000000b2080000)
 Metaspace       used 114243K, capacity 123848K, committed 125912K, reserved 1159168K
  class space    used 13841K, capacity 15187K, committed 15616K, reserved 1048576K
}
Event: 22264.137 GC heap before
{Heap before GC invocations=150 (full 10):
 PSYoungGen      total 442880K, used 378424K [0x00000000e0000000, 0x0000000100000000, 0x0000000100000000)
  eden space 376832K, 100% used [0x00000000e0000000,0x00000000f7000000,0x00000000f7000000)
  from space 66048K, 2% used [0x00000000f7000000,0x00000000f718e330,0x00000000fb080000)
  to   space 67072K, 0% used [0x00000000fbe80000,0x00000000fbe80000,0x0000000100000000)
 ParOldGen       total 295424K, used 117153K [0x00000000a0000000, 0x00000000b2080000, 0x00000000e0000000)
  object space 295424K, 39% used [0x00000000a0000000,0x00000000a72686d0,0x00000000b2080000)
 Metaspace       used 114280K, capacity 123976K, committed 125912K, reserved 1159168K
  class space    used 13842K, capacity 15187K, committed 15616K, reserved 1048576K
Event: 22264.156 GC heap after
Heap after GC invocations=150 (full 10):
 PSYoungGen      total 451072K, used 25332K [0x00000000e0000000, 0x00000000ff900000, 0x0000000100000000)
  eden space 391168K, 0% used [0x00000000e0000000,0x00000000e0000000,0x00000000f7e00000)
  from space 59904K, 42% used [0x00000000fbe80000,0x00000000fd73d330,0x00000000ff900000)
  to   space 62976K, 0% used [0x00000000f7e00000,0x00000000f7e00000,0x00000000fbb80000)
 ParOldGen       total 295424K, used 118514K [0x00000000a0000000, 0x00000000b2080000, 0x00000000e0000000)
  object space 295424K, 40% used [0x00000000a0000000,0x00000000a73bcab8,0x00000000b2080000)
 Metaspace       used 114280K, capacity 123976K, committed 125912K, reserved 1159168K
  class space    used 13842K, capacity 15187K, committed 15616K, reserved 1048576K
}
Event: 22265.425 GC heap before
{Heap before GC invocations=151 (full 10):
 PSYoungGen      total 451072K, used 412865K [0x00000000e0000000, 0x00000000ff900000, 0x0000000100000000)
  eden space 391168K, 99% used [0x00000000e0000000,0x00000000f7a73330,0x00000000f7e00000)
  from space 59904K, 42% used [0x00000000fbe80000,0x00000000fd73d330,0x00000000ff900000)
  to   space 62976K, 0% used [0x00000000f7e00000,0x00000000f7e00000,0x00000000fbb80000)
 ParOldGen       total 295424K, used 122610K [0x00000000a0000000, 0x00000000b2080000, 0x00000000e0000000)
  object space 295424K, 41% used [0x00000000a0000000,0x00000000a77bcac8,0x00000000b2080000)
 Metaspace       used 114285K, capacity 123980K, committed 125912K, reserved 1159168K
  class space    used 13842K, capacity 15187K, committed 15616K, reserved 1048576K
Event: 22265.443 GC heap after
Heap after GC invocations=151 (full 10):
 PSYoungGen      total 454144K, used 40040K [0x00000000e0000000, 0x0000000100000000, 0x0000000100000000)
  eden space 391168K, 0% used [0x00000000e0000000,0x00000000e0000000,0x00000000f7e00000)
  from space 62976K, 63% used [0x00000000f7e00000,0x00000000fa51a0b0,0x00000000fbb80000)
  to   space 64512K, 0% used [0x00000000fc100000,0x00000000fc100000,0x0000000100000000)
 ParOldGen       total 295424K, used 135647K [0x00000000a0000000, 0x00000000b2080000, 0x00000000e0000000)
  object space 295424K, 45% used [0x00000000a0000000,0x00000000a8477c58,0x00000000b2080000)
 Metaspace       used 114285K, capacity 123980K, committed 125912K, reserved 1159168K
  class space    used 13842K, capacity 15187K, committed 15616K, reserved 1048576K
}
Event: 22265.509 GC heap before
{Heap before GC invocations=152 (full 10):
 PSYoungGen      total 454144K, used 430588K [0x00000000e0000000, 0x0000000100000000, 0x0000000100000000)
  eden space 391168K, 99% used [0x00000000e0000000,0x00000000f7d64f50,0x00000000f7e00000)
  from space 62976K, 63% used [0x00000000f7e00000,0x00000000fa51a0b0,0x00000000fbb80000)
  to   space 64512K, 0% used [0x00000000fc100000,0x00000000fc100000,0x0000000100000000)
 ParOldGen       total 295424K, used 200160K [0x00000000a0000000, 0x00000000b2080000, 0x00000000e0000000)
  object space 295424K, 67% used [0x00000000a0000000,0x00000000ac378048,0x00000000b2080000)
 Metaspace       used 114285K, capacity 123980K, committed 125912K, reserved 1159168K
  class space    used 13842K, capacity 15187K, committed 15616K, reserved 1048576K
Event: 22265.515 GC heap after
Heap after GC invocations=152 (full 10):
 PSYoungGen      total 458752K, used 862K [0x00000000e0000000, 0x0000000100000000, 0x0000000100000000)
  eden space 394240K, 0% used [0x00000000e0000000,0x00000000e0000000,0x00000000f8100000)
  from space 64512K, 1% used [0x00000000fc100000,0x00000000fc1d7b58,0x0000000100000000)
  to   space 65024K, 0% used [0x00000000f8100000,0x00000000f8100000,0x00000000fc080000)
 ParOldGen       total 295424K, used 215455K [0x00000000a0000000, 0x00000000b2080000, 0x00000000e0000000)
  object space 295424K, 72% used [0x00000000a0000000,0x00000000ad267d60,0x00000000b2080000)
 Metaspace       used 114285K, capacity 123980K, committed 125912K, reserved 1159168K
  class space    used 13842K, capacity 15187K, committed 15616K, reserved 1048576K
}
Event: 22694.602 GC heap before
{Heap before GC invocations=153 (full 10):
 PSYoungGen      total 458752K, used 395102K [0x00000000e0000000, 0x0000000100000000, 0x0000000100000000)
  eden space 394240K, 100% used [0x00000000e0000000,0x00000000f8100000,0x00000000f8100000)
  from space 64512K, 1% used [0x00000000fc100000,0x00000000fc1d7b58,0x0000000100000000)
  to   space 65024K, 0% used [0x00000000f8100000,0x00000000f8100000,0x00000000fc080000)
 ParOldGen       total 295424K, used 215455K [0x00000000a0000000, 0x00000000b2080000, 0x00000000e0000000)
  object space 295424K, 72% used [0x00000000a0000000,0x00000000ad267d60,0x00000000b2080000)
 Metaspace       used 114386K, capacity 124168K, committed 125912K, reserved 1159168K
  class space    used 13860K, capacity 15205K, committed 15616K, reserved 1048576K
Event: 22694.609 GC heap after
Heap after GC invocations=153 (full 10):
 PSYoungGen      total 459264K, used 2384K [0x00000000e0000000, 0x0000000100000000, 0x0000000100000000)
  eden space 394240K, 0% used [0x00000000e0000000,0x00000000e0000000,0x00000000f8100000)
  from space 65024K, 3% used [0x00000000f8100000,0x00000000f8354310,0x00000000fc080000)
  to   space 65024K, 0% used [0x00000000fc080000,0x00000000fc080000,0x0000000100000000)
 ParOldGen       total 295424K, used 215587K [0x00000000a0000000, 0x00000000b2080000, 0x00000000e0000000)
  object space 295424K, 72% used [0x00000000a0000000,0x00000000ad288d30,0x00000000b2080000)
 Metaspace       used 114386K, capacity 124168K, committed 125912K, reserved 1159168K
  class space    used 13860K, capacity 15205K, committed 15616K, reserved 1048576K
}

